<?xml version="1.0" encoding="UTF-8" standalone="yes"?>
<TestConfig>
    <Test name="TC-3">
        <Role>DC</Role>
        <RequestXMLReference>samples/tests/TC-3.xml</RequestXMLReference>
        <ReportTemplateReference>samples/tests/reportTemplate.html</ReportTemplateReference>
        <SuccessCriteria>
            <ExpectedErrorCodes>
                <ErrorCode>SM-002</ErrorCode>
            </ExpectedErrorCodes>
        </SuccessCriteria>
        <Summary>Map concept FreedoniaMissingConcept from namespace http://example.register.fre/freedonia-business-register to http://toop.eu/organization.</Summary>
    </Test>
    <Test name="TC-9">
        <Role>DC</Role>
        <RequestXMLReference>samples/tests/TC-9.xml</RequestXMLReference>
        <ReportTemplateReference>samples/tests/reportTemplate.html</ReportTemplateReference>
        <SuccessCriteria>
            <ExpectedErrorCodes>
            </ExpectedErrorCodes>
        </SuccessCriteria>
        <Summary>Request a single concept from an Elonia dataset identified by the Natural Person data subject identifier.</Summary>
    </Test>
    <Test name="TC-10">
        <Role>DC</Role>
        <RequestXMLReference>samples/tests/TC-10.xml</RequestXMLReference>
        <ReportTemplateReference>samples/tests/reportTemplate.html</ReportTemplateReference>
        <SuccessCriteria>
            <ExpectedErrorCodes>
            </ExpectedErrorCodes>
        </SuccessCriteria>
        <Summary>Request a single concept from an Elonia dataset identified by the Legal Person data subject identifier.</Summary>
    </Test>
    <Test name="TC-11">
        <Role>DC</Role>
        <RequestXMLReference>samples/tests/TC-11.xml</RequestXMLReference>
        <ReportTemplateReference>samples/tests/reportTemplate.html</ReportTemplateReference>
        <SuccessCriteria>
            <ExpectedErrorCodes>
            </ExpectedErrorCodes>
        </SuccessCriteria>
        <Summary>Request all concepts from an Elonia dataset identified by the Natural Person data subject identifier.</Summary>
    </Test>
    <Test name="TC-12">
        <Role>DC</Role>
        <RequestXMLReference>samples/tests/TC-12.xml</RequestXMLReference>
        <ReportTemplateReference>samples/tests/reportTemplate.html</ReportTemplateReference>
        <SuccessCriteria>
            <ExpectedErrorCodes>
            </ExpectedErrorCodes>
        </SuccessCriteria>
        <Summary>Request all concepts from an Elonia dataset identified by the Legal Person data subject identifier.</Summary>
    </Test>
    <Test name="TC-13">
        <Role>DC</Role>
        <RequestXMLReference>samples/tests/TC-13.xml</RequestXMLReference>
        <ReportTemplateReference>samples/tests/reportTemplate.html</ReportTemplateReference>
        <SuccessCriteria>
            <ExpectedErrorCodes>
            </ExpectedErrorCodes>
        </SuccessCriteria>
        <Summary>Request all concepts from a partial Elonia dataset identified by the Natural Person data subject identifier.</Summary>
    </Test>
    <Test name="TC-14">
        <Role>DC</Role>
        <RequestXMLReference>samples/tests/TC-14.xml</RequestXMLReference>
        <ReportTemplateReference>samples/tests/reportTemplate.html</ReportTemplateReference>
        <SuccessCriteria>
            <ExpectedErrorCodes>
            </ExpectedErrorCodes>
        </SuccessCriteria>
        <Summary>Request all concepts from a partial Elonia dataset identified by the Legal Entity data subject identifier.</Summary>
    </Test>
    <Test name="TC-15">
        <Role>DC</Role>
        <RequestXMLReference>samples/tests/TC-15.xml</RequestXMLReference>
        <ReportTemplateReference>samples/tests/reportTemplate.html</ReportTemplateReference>
        <SuccessCriteria>
            <ExpectedErrorCodes>
            </ExpectedErrorCodes>
        </SuccessCriteria>
        <Summary>Request a single concept from an Elonia dataset unable to be identified by the Natural Person data subject identifier.</Summary>
    </Test>
    <Test name="TC-16">
        <Role>DC</Role>
        <RequestXMLReference>samples/tests/TC-16.xml</RequestXMLReference>
        <ReportTemplateReference>samples/tests/reportTemplate.html</ReportTemplateReference>
        <SuccessCriteria>
            <ExpectedErrorCodes>
            </ExpectedErrorCodes>
        </SuccessCriteria>
        <Summary>Request a single concept from an Elonia dataset unable to be identified by the Legal Entity data subject identifier.</Summary>
    </Test>
</TestConfig>
